<?xml version="1.0" encoding="UTF-8"?>
<testng-results ignored="0" total="1" passed="1" failed="0" skipped="0">
  <reporter-output>
  </reporter-output>
  <suite started-at="2022-11-15T17:38:34 IST" name="Default suite" finished-at="2022-11-15T17:38:34 IST" duration-ms="283">
    <groups>
    </groups>
    <test started-at="2022-11-15T17:38:34 IST" name="Default test" finished-at="2022-11-15T17:38:34 IST" duration-ms="283">
      <class name="testAssessmentRCB.validateWicketKeeper">
        <test-method signature="validateWicketKeeperTest()[pri:0, instance:testAssessmentRCB.validateWicketKeeper@be35cd9]" started-at="2022-11-15T17:38:34 IST" name="validateWicketKeeperTest" finished-at="2022-11-15T17:38:34 IST" duration-ms="231" status="PASS">
          <reporter-output>
          </reporter-output>
        </test-method> <!-- validateWicketKeeperTest -->
      </class> <!-- testAssessmentRCB.validateWicketKeeper -->
    </test> <!-- Default test -->
  </suite> <!-- Default suite -->
</testng-results>
